android/app/build/intermediates/manifest_merge_blame_file/debug/manifest-merger-blame-debug-report.txt
1<?xml version="1.0" encoding="utf-8"?>
2<manifest xmlns:android="http://schemas.android.com/apk/res/android"
3    package="com.reactbtserial"
4    android:versionCode="1"
5    android:versionName="1.0" >
6
7    <uses-sdk
8        android:minSdkVersion="21"
9        android:targetSdkVersion="30" />
10
11    <uses-permission android:name="android.permission.SYSTEM_ALERT_WINDOW" />
11-->src/debug/AndroidManifest.xml:5:5-77
11-->src/debug/AndroidManifest.xml:5:22-75
12    <uses-permission android:name="android.permission.ACCESS_COARSE_LOCATION" />
12-->src/main/AndroidManifest.xml:4:5-81
12-->src/main/AndroidManifest.xml:4:22-78
13    <uses-permission android:name="android.permission.ACCESS_FINE_LOCATION" />
13-->src/main/AndroidManifest.xml:5:5-79
13-->src/main/AndroidManifest.xml:5:22-76
14    <uses-permission android:name="android.permission.BLUETOOTH" />
14-->src/main/AndroidManifest.xml:6:5-68
14-->src/main/AndroidManifest.xml:6:22-65
15    <uses-permission android:name="android.permission.BLUETOOTH_ADMIN" />
15-->src/main/AndroidManifest.xml:7:5-74
15-->src/main/AndroidManifest.xml:7:22-71
16    <uses-permission android:name="android.permission.INTERNET" />
16-->src/main/AndroidManifest.xml:8:5-67
16-->src/main/AndroidManifest.xml:8:22-64
17    <uses-permission android:name="android.permission.FOREGROUND_SERVICE" />
17-->src/main/AndroidManifest.xml:9:5-76
17-->src/main/AndroidManifest.xml:9:22-74
18    <uses-permission android:name="android.permission.ACCESS_WIFI_STATE" />
18-->[com.facebook.flipper:flipper:0.99.0] AndroidManifest.xml:16:5-76
18-->[com.facebook.flipper:flipper:0.99.0] AndroidManifest.xml:16:22-73
19
20    <application
20-->src/main/AndroidManifest.xml:11:5-29:19
21        android:name="com.reactbtserial.MainApplication"
21-->src/main/AndroidManifest.xml:12:7-38
22        android:allowBackup="false"
22-->src/main/AndroidManifest.xml:16:7-34
23        android:appComponentFactory="androidx.core.app.CoreComponentFactory"
23-->[androidx.core:core:1.5.0] AndroidManifest.xml:24:18-86
24        android:debuggable="true"
25        android:icon="@mipmap/ic_launcher"
25-->src/main/AndroidManifest.xml:14:7-41
26        android:label="@string/app_name"
26-->src/main/AndroidManifest.xml:13:7-39
27        android:roundIcon="@mipmap/ic_launcher_round"
27-->src/main/AndroidManifest.xml:15:7-52
28        android:theme="@style/AppTheme"
28-->src/main/AndroidManifest.xml:17:7-38
29        android:usesCleartextTraffic="true" >
29-->src/debug/AndroidManifest.xml:8:9-44
30        <activity android:name="com.facebook.react.devsupport.DevSettingsActivity" />
30-->src/debug/AndroidManifest.xml:11:9-86
30-->src/debug/AndroidManifest.xml:11:19-83
31        <activity
31-->src/main/AndroidManifest.xml:18:7-28:18
32            android:name="com.reactbtserial.MainActivity"
32-->src/main/AndroidManifest.xml:19:9-37
33            android:configChanges="keyboard|keyboardHidden|orientation|screenSize|uiMode"
33-->src/main/AndroidManifest.xml:21:9-86
34            android:label="@string/app_name"
34-->src/main/AndroidManifest.xml:20:9-41
35            android:launchMode="singleTask"
35-->src/main/AndroidManifest.xml:22:9-40
36            android:windowSoftInputMode="adjustResize" >
36-->src/main/AndroidManifest.xml:23:9-51
37            <intent-filter>
37-->src/main/AndroidManifest.xml:24:9-27:25
38                <action android:name="android.intent.action.MAIN" />
38-->src/main/AndroidManifest.xml:25:13-65
38-->src/main/AndroidManifest.xml:25:21-62
39
40                <category android:name="android.intent.category.LAUNCHER" />
40-->src/main/AndroidManifest.xml:26:13-73
40-->src/main/AndroidManifest.xml:26:23-70
41            </intent-filter>
42        </activity>
43        <activity
43-->[com.google.android.gms:play-services-base:17.0.0] AndroidManifest.xml:23:9-26:75
44            android:name="com.google.android.gms.common.api.GoogleApiActivity"
44-->[com.google.android.gms:play-services-base:17.0.0] AndroidManifest.xml:24:13-79
45            android:exported="false"
45-->[com.google.android.gms:play-services-base:17.0.0] AndroidManifest.xml:25:13-37
46            android:theme="@android:style/Theme.Translucent.NoTitleBar" />
46-->[com.google.android.gms:play-services-base:17.0.0] AndroidManifest.xml:26:13-72
47
48        <meta-data
48-->[com.google.android.gms:play-services-basement:17.0.0] AndroidManifest.xml:23:9-25:69
49            android:name="com.google.android.gms.version"
49-->[com.google.android.gms:play-services-basement:17.0.0] AndroidManifest.xml:24:13-58
50            android:value="@integer/google_play_services_version" />
50-->[com.google.android.gms:play-services-basement:17.0.0] AndroidManifest.xml:25:13-66
51    </application>
52
53</manifest>